<?xml version="1.0" encoding="UTF-8"?>
<!-- Generated by org.testng.reporters.JUnitReportReporter -->
<testsuite skipped="0" hostname="CDC2-D-CFXSXJ2" name="demo.Apache" tests="1" failures="0" timestamp="12 Nov 2019 06:58:46 GMT" time="3.511" errors="0">
  <testcase name="f" time="3.511" classname="demo.Apache"/>
</testsuite> <!-- demo.Apache -->
