<?xml version="1.0" encoding="UTF-8"?>
<!-- Generated by org.testng.reporters.JUnitReportReporter -->
<testsuite skipped="0" hostname="CDC2-D-CFXSXJ2" name="demo.Apache" tests="1" failures="0" timestamp="12 Nov 2019 09:10:19 GMT" time="8.382" errors="0">
  <testcase name="f" time="8.382" classname="demo.Apache"/>
</testsuite> <!-- demo.Apache -->
