<?xml version="1.0" encoding="UTF-8"?>
<!-- Generated by org.testng.reporters.JUnitReportReporter -->
<testsuite skipped="0" hostname="CDC2-D-CFXSXJ2" name="demo.GoogleDemo" tests="1" failures="0" timestamp="12 Nov 2019 07:07:30 GMT" time="16.947" errors="0">
  <testcase name="f" time="16.947" classname="demo.GoogleDemo"/>
</testsuite> <!-- demo.GoogleDemo -->
